c:\users\zhangxing\desktop\source\c-plus-plus\c++初步认识(2-17)\2-17\2-17\debug\vc141.pdb
c:\users\zhangxing\desktop\source\c-plus-plus\c++初步认识(2-17)\2-17\2-17\debug\vc141.idb
c:\users\zhangxing\desktop\source\c-plus-plus\c++初步认识(2-17)\2-17\2-17\debug\test.obj
c:\users\zhangxing\desktop\source\c-plus-plus\c++初步认识(2-17)\2-17\2-17\debug\sum.obj
c:\users\zhangxing\desktop\source\c-plus-plus\c++初步认识(2-17)\2-17\2-17\debug\源.obj
c:\users\zhangxing\desktop\source\c-plus-plus\c++初步认识(2-17)\2-17\2-17\debug\demo.obj
c:\users\zhangxing\desktop\source\c-plus-plus\c++初步认识(2-17)\2-17\debug\2-17.exe
c:\users\zhangxing\desktop\source\c-plus-plus\c++初步认识(2-17)\2-17\debug\2-17.ilk
c:\users\zhangxing\desktop\source\c-plus-plus\c++初步认识(2-17)\2-17\debug\2-17.pdb
c:\users\zhangxing\desktop\source\c-plus-plus\c++初步认识(2-17)\2-17\2-17\debug\2-17.tlog\cl.command.1.tlog
c:\users\zhangxing\desktop\source\c-plus-plus\c++初步认识(2-17)\2-17\2-17\debug\2-17.tlog\cl.read.1.tlog
c:\users\zhangxing\desktop\source\c-plus-plus\c++初步认识(2-17)\2-17\2-17\debug\2-17.tlog\cl.write.1.tlog
c:\users\zhangxing\desktop\source\c-plus-plus\c++初步认识(2-17)\2-17\2-17\debug\2-17.tlog\link-cvtres.read.1.tlog
c:\users\zhangxing\desktop\source\c-plus-plus\c++初步认识(2-17)\2-17\2-17\debug\2-17.tlog\link-cvtres.write.1.tlog
c:\users\zhangxing\desktop\source\c-plus-plus\c++初步认识(2-17)\2-17\2-17\debug\2-17.tlog\link-rc.read.1.tlog
c:\users\zhangxing\desktop\source\c-plus-plus\c++初步认识(2-17)\2-17\2-17\debug\2-17.tlog\link-rc.write.1.tlog
c:\users\zhangxing\desktop\source\c-plus-plus\c++初步认识(2-17)\2-17\2-17\debug\2-17.tlog\link.2564-cvtres.read.1.tlog
c:\users\zhangxing\desktop\source\c-plus-plus\c++初步认识(2-17)\2-17\2-17\debug\2-17.tlog\link.2564-cvtres.write.1.tlog
c:\users\zhangxing\desktop\source\c-plus-plus\c++初步认识(2-17)\2-17\2-17\debug\2-17.tlog\link.2564-rc.read.1.tlog
c:\users\zhangxing\desktop\source\c-plus-plus\c++初步认识(2-17)\2-17\2-17\debug\2-17.tlog\link.2564-rc.write.1.tlog
c:\users\zhangxing\desktop\source\c-plus-plus\c++初步认识(2-17)\2-17\2-17\debug\2-17.tlog\link.2564.read.1.tlog
c:\users\zhangxing\desktop\source\c-plus-plus\c++初步认识(2-17)\2-17\2-17\debug\2-17.tlog\link.2564.write.1.tlog
c:\users\zhangxing\desktop\source\c-plus-plus\c++初步认识(2-17)\2-17\2-17\debug\2-17.tlog\link.command.1.tlog
c:\users\zhangxing\desktop\source\c-plus-plus\c++初步认识(2-17)\2-17\2-17\debug\2-17.tlog\link.read.1.tlog
c:\users\zhangxing\desktop\source\c-plus-plus\c++初步认识(2-17)\2-17\2-17\debug\2-17.tlog\link.write.1.tlog
